<?xml version="1.0" encoding="UTF-8"?>
<!-- Generated by org.testng.reporters.JUnitReportReporter -->
<testsuite hostname="DESKTOP-81ARGGN" failures="0" tests="2" name="com.cyient.test.LoginTest" time="17.554" errors="0" timestamp="2021-06-08T12:56:16 IST" skipped="0">
  <testcase classname="com.cyient.test.LoginTest" name="invalidCredentialTest" time="8.173"/>
  <system-out/>
  <testcase classname="com.cyient.test.LoginTest" name="invalidCredentialTest" time="9.381"/>
  <system-out/>
</testsuite> <!-- com.cyient.test.LoginTest -->
