<?xml version="1.0" encoding="UTF-8"?>
<!-- Generated by org.testng.reporters.JUnitReportReporter -->
<testsuite hostname="DESKTOP-81ARGGN" failures="0" tests="4" name="com.cyient.test.LoginTest" time="56.130" errors="0" timestamp="2021-06-09T12:39:11 IST" skipped="0">
  <testcase classname="com.cyient.test.LoginTest" name="validCredentialTest" time="11.892"/>
  <system-out/>
  <testcase classname="com.cyient.test.LoginTest" name="validCredentialTest" time="14.364"/>
  <system-out/>
  <testcase classname="com.cyient.test.LoginTest" name="validCredentialTest" time="12.748"/>
  <system-out/>
  <testcase classname="com.cyient.test.LoginTest" name="validCredentialTest" time="17.126"/>
  <system-out/>
</testsuite> <!-- com.cyient.test.LoginTest -->
