<?xml version="1.0" encoding="UTF-8"?>
<!-- Generated by org.testng.reporters.JUnitReportReporter -->
<testsuite hostname="DESKTOP-81ARGGN" failures="0" tests="3" name="com.cyient.test.DemoTest" time="0.015" errors="0" timestamp="2021-06-08T11:13:58 IST" skipped="0">
  <testcase classname="com.cyient.test.DemoTest" name="validTest" time="0.010"/>
  <system-out/>
  <testcase classname="com.cyient.test.DemoTest" name="validTest" time="0.003"/>
  <system-out/>
  <testcase classname="com.cyient.test.DemoTest" name="validTest" time="0.002"/>
  <system-out/>
</testsuite> <!-- com.cyient.test.DemoTest -->
